<?xml version="1.0" encoding="UTF-8"?>
<!-- Generated by org.testng.reporters.JUnitReportReporter -->
<testsuite hostname="Mrprajapati" failures="0" tests="1" name="TestLayer.LoginPageTest" time="0.436" errors="0" timestamp="2025-02-25T15:39:58 IST" skipped="0">
  <testcase classname="TestLayer.LoginPageTest" name="loginFunctionality" time="0.436"/>
  <system-out/>
</testsuite> <!-- TestLayer.LoginPageTest -->
