<?xml version="1.0" encoding="UTF-8"?>
<!-- Generated by org.testng.reporters.JUnitReportReporter -->
<testsuite hostname="Mrprajapati" failures="0" tests="1" name="TestLayer.FinishPageTest" time="0.128" errors="0" timestamp="2025-02-25T15:39:58 IST" skipped="0">
  <testcase classname="TestLayer.FinishPageTest" name="validateFinishFunctionality" time="0.128"/>
  <system-out/>
</testsuite> <!-- TestLayer.FinishPageTest -->
